0 info it worked if it ends with ok
1 verbose cli [ '/usr/local/Cellar/node/7.4.0/bin/node',
1 verbose cli   '/usr/local/bin/npm',
1 verbose cli   'install',
1 verbose cli   '-g',
1 verbose cli   'gulp-cli',
1 verbose cli   'react',
1 verbose cli   'react-cli' ]
2 info using npm@4.0.5
3 info using node@v7.4.0
4 silly loadCurrentTree Starting
5 silly install loadCurrentTree
6 silly install readGlobalPackageData
7 silly fetchPackageMetaData gulp-cli
8 silly fetchPackageMetaData react
9 silly fetchPackageMetaData react-cli
10 silly fetchNamedPackageData gulp-cli
11 silly mapToRegistry name gulp-cli
12 silly mapToRegistry using default registry
13 silly mapToRegistry registry https://registry.npmjs.org/
14 silly mapToRegistry data Result {
14 silly mapToRegistry   raw: 'gulp-cli',
14 silly mapToRegistry   scope: null,
14 silly mapToRegistry   escapedName: 'gulp-cli',
14 silly mapToRegistry   name: 'gulp-cli',
14 silly mapToRegistry   rawSpec: '',
14 silly mapToRegistry   spec: 'latest',
14 silly mapToRegistry   type: 'tag' }
15 silly mapToRegistry uri https://registry.npmjs.org/gulp-cli
16 silly fetchNamedPackageData react
17 silly mapToRegistry name react
18 silly mapToRegistry using default registry
19 silly mapToRegistry registry https://registry.npmjs.org/
20 silly mapToRegistry data Result {
20 silly mapToRegistry   raw: 'react',
20 silly mapToRegistry   scope: null,
20 silly mapToRegistry   escapedName: 'react',
20 silly mapToRegistry   name: 'react',
20 silly mapToRegistry   rawSpec: '',
20 silly mapToRegistry   spec: 'latest',
20 silly mapToRegistry   type: 'tag' }
21 silly mapToRegistry uri https://registry.npmjs.org/react
22 silly fetchNamedPackageData react-cli
23 silly mapToRegistry name react-cli
24 silly mapToRegistry using default registry
25 silly mapToRegistry registry https://registry.npmjs.org/
26 silly mapToRegistry data Result {
26 silly mapToRegistry   raw: 'react-cli',
26 silly mapToRegistry   scope: null,
26 silly mapToRegistry   escapedName: 'react-cli',
26 silly mapToRegistry   name: 'react-cli',
26 silly mapToRegistry   rawSpec: '',
26 silly mapToRegistry   spec: 'latest',
26 silly mapToRegistry   type: 'tag' }
27 silly mapToRegistry uri https://registry.npmjs.org/react-cli
28 verbose request uri https://registry.npmjs.org/react-cli
29 verbose request no auth needed
30 info attempt registry request try #1 at 6:53:12 PM
31 verbose request id b26c991b80acbac7
32 http request GET https://registry.npmjs.org/react-cli
33 verbose request uri https://registry.npmjs.org/gulp-cli
34 verbose request no auth needed
35 info attempt registry request try #1 at 6:53:12 PM
36 verbose etag W/"58834b87-788a"
37 verbose lastModified Sat, 21 Jan 2017 11:52:39 GMT
38 http request GET https://registry.npmjs.org/gulp-cli
39 verbose request uri https://registry.npmjs.org/react
40 verbose request no auth needed
41 info attempt registry request try #1 at 6:53:12 PM
42 verbose etag W/"58a41828-22c08"
43 verbose lastModified Wed, 15 Feb 2017 08:58:16 GMT
44 http request GET https://registry.npmjs.org/react
45 info retry will retry, error on last attempt: Error: getaddrinfo ENOTFOUND registry.npmjs.org registry.npmjs.org:443
46 info retry will retry, error on last attempt: Error: getaddrinfo ENOTFOUND registry.npmjs.org registry.npmjs.org:443
47 info retry will retry, error on last attempt: Error: getaddrinfo ENOTFOUND registry.npmjs.org registry.npmjs.org:443
48 info attempt registry request try #2 at 6:53:52 PM
49 http request GET https://registry.npmjs.org/react-cli
50 info attempt registry request try #2 at 6:53:52 PM
51 verbose etag W/"58834b87-788a"
52 verbose lastModified Sat, 21 Jan 2017 11:52:39 GMT
53 http request GET https://registry.npmjs.org/gulp-cli
54 info attempt registry request try #2 at 6:53:52 PM
55 verbose etag W/"58a41828-22c08"
56 verbose lastModified Wed, 15 Feb 2017 08:58:16 GMT
57 http request GET https://registry.npmjs.org/react
58 info retry will retry, error on last attempt: Error: getaddrinfo ENOTFOUND registry.npmjs.org registry.npmjs.org:443
59 info retry will retry, error on last attempt: Error: getaddrinfo ENOTFOUND registry.npmjs.org registry.npmjs.org:443
60 info retry will retry, error on last attempt: Error: getaddrinfo ENOTFOUND registry.npmjs.org registry.npmjs.org:443
61 info attempt registry request try #3 at 6:55:22 PM
62 http request GET https://registry.npmjs.org/react-cli
63 info attempt registry request try #3 at 6:55:22 PM
64 verbose etag W/"58834b87-788a"
65 verbose lastModified Sat, 21 Jan 2017 11:52:39 GMT
66 http request GET https://registry.npmjs.org/gulp-cli
67 info attempt registry request try #3 at 6:55:22 PM
68 verbose etag W/"58a41828-22c08"
69 verbose lastModified Wed, 15 Feb 2017 08:58:16 GMT
70 http request GET https://registry.npmjs.org/react
71 silly fetchPackageMetaData Error: getaddrinfo ENOTFOUND registry.npmjs.org registry.npmjs.org:443
71 silly fetchPackageMetaData     at errnoException (dns.js:28:10)
71 silly fetchPackageMetaData     at GetAddrInfoReqWrap.onlookup [as oncomplete] (dns.js:76:26)
71 silly fetchPackageMetaData  error for react-cli { Error: getaddrinfo ENOTFOUND registry.npmjs.org registry.npmjs.org:443
71 silly fetchPackageMetaData     at errnoException (dns.js:28:10)
71 silly fetchPackageMetaData     at GetAddrInfoReqWrap.onlookup [as oncomplete] (dns.js:76:26)
71 silly fetchPackageMetaData   code: 'ENOTFOUND',
71 silly fetchPackageMetaData   errno: 'ENOTFOUND',
71 silly fetchPackageMetaData   syscall: 'getaddrinfo',
71 silly fetchPackageMetaData   hostname: 'registry.npmjs.org',
71 silly fetchPackageMetaData   host: 'registry.npmjs.org',
71 silly fetchPackageMetaData   port: 443 }
72 silly get cb [ 304, undefined ]
73 verbose etag https://registry.npmjs.org/gulp-cli from cache
74 verbose get saving gulp-cli to /Users/usamaahmed/.npm/registry.npmjs.org/gulp-cli/.cache.json
75 verbose correctMkdir /Users/usamaahmed/.npm correctMkdir not in flight; initializing
76 silly get cb [ 304, undefined ]
77 verbose etag https://registry.npmjs.org/react from cache
78 verbose get saving react to /Users/usamaahmed/.npm/registry.npmjs.org/react/.cache.json
79 verbose correctMkdir /Users/usamaahmed/.npm correctMkdir already in flight; waiting
80 silly rollbackFailedOptional Starting
81 verbose stack TypeError: Cannot read property 'path' of null
81 verbose stack     at Installer.rollbackFailedOptional (/usr/local/lib/node_modules/npm/lib/install.js:505:29)
81 verbose stack     at Array.<anonymous> (/usr/local/lib/node_modules/npm/node_modules/slide/lib/bind-actor.js:15:8)
81 verbose stack     at LOOP (/usr/local/lib/node_modules/npm/node_modules/slide/lib/chain.js:15:14)
81 verbose stack     at /usr/local/lib/node_modules/npm/node_modules/slide/lib/chain.js:18:7
81 verbose stack     at /usr/local/lib/node_modules/npm/lib/install.js:331:5
81 verbose stack     at Array.<anonymous> (/usr/local/lib/node_modules/npm/node_modules/slide/lib/bind-actor.js:15:8)
81 verbose stack     at LOOP (/usr/local/lib/node_modules/npm/node_modules/slide/lib/chain.js:15:14)
81 verbose stack     at chain (/usr/local/lib/node_modules/npm/node_modules/slide/lib/chain.js:20:5)
81 verbose stack     at /usr/local/lib/node_modules/npm/lib/install.js:288:5
81 verbose stack     at /usr/local/lib/node_modules/npm/node_modules/slide/lib/chain.js:16:22
82 verbose cwd /Volumes/usama/home/Homestead/www/institute
83 error Darwin 16.3.0
84 error argv "/usr/local/Cellar/node/7.4.0/bin/node" "/usr/local/bin/npm" "install" "-g" "gulp-cli" "react" "react-cli"
85 error node v7.4.0
86 error npm  v4.0.5
87 error Cannot read property 'path' of null
88 error If you need help, you may report this error at:
88 error     <https://github.com/npm/npm/issues>
89 verbose exit [ 1, true ]
